
***** Epoch 1/1, trained 0.0000M *****

start:	2019-02-26 01:28:46
spent:    17 sec
train:    0.6360
vali:     0.7161
vali_acc: 0.5080

***** Epoch 1/1, trained 0.0128M *****

start:	2019-02-26 01:29:06
spent:    10 sec
train:    0.3999
vali:     1.1400
vali_acc: 0.5080

***** Epoch 1/1, trained 0.0256M *****

start:	2019-02-26 01:29:18
spent:    10 sec
train:    0.3343
vali:     1.1073
vali_acc: 0.5080

***** Epoch 1/1, trained 0.0384M *****

start:	2019-02-26 01:29:30
spent:    10 sec
train:    0.3185
vali:     1.0463
vali_acc: 0.5080

***** Epoch 1/1, trained 0.0512M *****

start:	2019-02-26 01:29:42
spent:    10 sec
train:    0.2948
vali:     0.9970
vali_acc: 0.5080

***** Epoch 1/1, trained 0.0640M *****

start:	2019-02-26 01:29:54
spent:    10 sec
train:    0.2663
vali:     0.8405
vali_acc: 0.5470

***** Epoch 1/1, trained 0.0768M *****

start:	2019-02-26 01:30:06
spent:    10 sec
train:    0.2081
vali:     0.7054
vali_acc: 0.6700

***** Epoch 1/1, trained 0.0896M *****

start:	2019-02-26 01:30:18
spent:    10 sec
train:    0.1749
vali:     0.6683
vali_acc: 0.7040

***** Epoch 1/1, trained 0.1024M *****

start:	2019-02-26 01:30:30
spent:    10 sec
train:    0.1623
vali:     0.6064
vali_acc: 0.7330

***** Epoch 1/1, trained 0.1152M *****

start:	2019-02-26 01:30:42
spent:    10 sec
train:    0.1471
vali:     0.5779
vali_acc: 0.7430

***** Epoch 1/1, trained 0.1280M *****

start:	2019-02-26 01:30:54
spent:    10 sec
train:    0.1720
vali:     0.5869
vali_acc: 0.7280

***** Epoch 1/1, trained 0.1408M *****

start:	2019-02-26 01:31:06
spent:    10 sec
train:    0.1483
vali:     0.5420
vali_acc: 0.7450

***** Epoch 1/1, trained 0.1536M *****

start:	2019-02-26 01:31:18
spent:    10 sec
train:    0.1288
vali:     0.6326
vali_acc: 0.7310

***** Epoch 1/1, trained 0.1664M *****

start:	2019-02-26 01:31:30
spent:    10 sec
train:    0.1404
vali:     0.6096
vali_acc: 0.7310

***** Epoch 1/1, trained 0.1792M *****

start:	2019-02-26 01:31:42
spent:    10 sec
train:    0.1349
vali:     0.5681
vali_acc: 0.7470

***** Epoch 1/1, trained 0.1920M *****

start:	2019-02-26 01:31:54
spent:    10 sec
train:    0.1223
vali:     0.6640
vali_acc: 0.7210

***** Epoch 1/1, trained 0.2048M *****

start:	2019-02-26 01:32:06
spent:    10 sec
train:    0.1247
vali:     0.6059
vali_acc: 0.7400

***** Epoch 1/1, trained 0.2176M *****

start:	2019-02-26 01:32:18
spent:    10 sec
train:    0.1213
vali:     0.5819
vali_acc: 0.7510

***** Epoch 1/1, trained 0.2304M *****

start:	2019-02-26 01:32:30
spent:    10 sec
train:    0.1322
vali:     0.5840
vali_acc: 0.7400

***** Epoch 1/1, trained 0.2432M *****

start:	2019-02-26 01:32:42
spent:    10 sec
train:    0.1200
vali:     0.5655
vali_acc: 0.7560

***** Epoch 1/1, trained 0.2560M *****

start:	2019-02-26 01:32:54
spent:    10 sec
train:    0.1297
vali:     0.6202
vali_acc: 0.7310

***** Epoch 1/1, trained 0.2688M *****

start:	2019-02-26 01:33:06
spent:    10 sec
train:    0.1263
vali:     0.5676
vali_acc: 0.7480

***** Epoch 1/1, trained 0.2816M *****

start:	2019-02-26 01:33:18
spent:    10 sec
train:    0.1195
vali:     0.5568
vali_acc: 0.7550

***** Epoch 1/1, trained 0.2944M *****

start:	2019-02-26 01:33:31
spent:    10 sec
train:    0.1130
vali:     0.5664
vali_acc: 0.7560

***** Epoch 1/1, trained 0.3072M *****

start:	2019-02-26 01:33:43
spent:    10 sec
train:    0.1281
vali:     0.5639
vali_acc: 0.7530

***** Epoch 1/1, trained 0.3200M *****

start:	2019-02-26 01:33:55
spent:    10 sec
train:    0.1428
vali:     0.5347
vali_acc: 0.7540

***** Epoch 1/1, trained 0.3328M *****

start:	2019-02-26 01:34:07
spent:    10 sec
train:    0.1397
vali:     0.5265
vali_acc: 0.7550

***** Epoch 1/1, trained 0.3456M *****

start:	2019-02-26 01:34:19
spent:    10 sec
train:    0.1426
vali:     0.5764
vali_acc: 0.7390

***** Epoch 1/1, trained 0.3584M *****

start:	2019-02-26 01:34:31
spent:    10 sec
train:    0.1282
vali:     0.5792
vali_acc: 0.7430

***** Epoch 1/1, trained 0.3712M *****

start:	2019-02-26 01:34:43
spent:    10 sec
train:    0.1669
vali:     0.4950
vali_acc: 0.7590

***** Epoch 1/1, trained 0.3840M *****

start:	2019-02-26 01:34:55
spent:    10 sec
train:    0.1397
vali:     0.5096
vali_acc: 0.7570

***** Epoch 1/1, trained 0.3968M *****

start:	2019-02-26 01:35:07
spent:    0 sec
train:    0.1255
vali:     0.5198
vali_acc: 0.7550

***** Epoch 1/1, trained 0.3978M *****
